Array
(
    [title] => test
    [description] => test
    [tags] => test,test,test
    [user_id] => 
)
Array
(
    [title] => test
    [description] => meow
    [tags] => meow
    [user_id] => 
)
Array
(
    [title] => test
    [description] => meow
    [tags] => moew
    [user_id] => 
)
Array
(
    [title] => meow
    [description] => meow
    [tags] => meow, meow, meow
    [user_id] => 
)
Array
(
    [title] => qwewwew
    [description] => ewe
    [tags] => test,test,test
    [user_id] => 
)
Array
(
    [title] => cksui
    [description] => cccwc
    [tags] => test,test,test
    [user_id] => 
)
Array
(
    [title] => asdasdasda
    [description] => adsadaasdasd
    [tags] => test,test,test
    [user_id] => 
)
Array
(
    [title] => sd
    [description] => sdfs
    [tags] => test,test,test
    [user_id] => 
)
Array
(
    [title] => meow
    [description] => meow
    [tags] => meow, meow, meow
    [user_id] => 
)
Array
(
    [title] => asdasd
    [description] => sdasda
    [tags] => test,test,test
    [user_id] => 
)
Array
(
    [title] => sadasd
    [description] => saasd
    [tags] => test,test,test
    [user_id] => 
)
Array
(
    [title] => sdad
    [description] => asda
    [tags] => test,test,test
    [user_id] => 
)
Array
(
    [title] => asda
    [description] => wdqwe
    [tags] => test,test,test
    [user_id] => 
)
Array
(
    [title] => asds
    [description] => sdas
    [tags] => test,test,test
    [user_id] => 
)
Array
(
    [title] => asda
    [description] => asd
    [tags] => test,test,test
    [user_id] => 
)
Array
(
    [title] => wwe
    [description] => wew
    [tags] => test,test,test
    [user_id] => 
)
Array
(
    [title] => asdas
    [description] => adsad
    [tags] => test,test,test
    [user_id] => 1
)
Array
(
    [title] => sdsf
    [description] => sdfs
    [tags] => test,test,test
    [user_id] => 1
)
Array
(
    [title] => adasd
    [description] => asdad
    [tags] => test,test,test
    [user_id] => 1
)
Array
(
    [title] => ere
    [description] => werw
    [tags] => test,test,test
    [user_id] => 1
)
Array
(
    [title] => adad
    [description] => asdad
    [tags] => test,test,test
    [user_id] => 1
)
Array
(
)
